<?xml version="1.0" encoding="UTF-8"?>
<testsuite name="pl.edu.agh.internetshop.ShipmentTest" tests="4" skipped="0" failures="0" errors="0" timestamp="2023-06-14T11:16:32" hostname="LAPTOP-9LGOT5VL" time="0.312">
  <properties/>
  <testcase name="testGetSenderAddressThroughShipment()" classname="pl.edu.agh.internetshop.ShipmentTest" time="0.3"/>
  <testcase name="testSetShipped()" classname="pl.edu.agh.internetshop.ShipmentTest" time="0.002"/>
  <testcase name="testGetRecipientAddressThroughShipment()" classname="pl.edu.agh.internetshop.ShipmentTest" time="0.001"/>
  <testcase name="testSetShippedWithoutSetting()" classname="pl.edu.agh.internetshop.ShipmentTest" time="0.003"/>
  <system-out><![CDATA[]]></system-out>
  <system-err><![CDATA[]]></system-err>
</testsuite>
